%!Adobe-FontList 1.14
%Locale:0x409

%BeginFont
Handler:DirectoryHandler
FontType:TrueType
FontName:Baskerville-Bold
FamilyName:Baskerville
StyleName:Bold
MenuName:Baskerville
StyleBits:2
WeightClass:700
WidthClass:5
AngleClass:0
FullName:Baskerville Bold
WritingScript:Roman
OutlineFileName:\Baskerville.ttc
TTCOffset:48
DataFormat:sfntData
FileLength:1241036
FileModTime:1383869343
%EndFont

%BeginFont
Handler:DirectoryHandler
FontType:TrueType
FontName:Baskerville-BoldItalic
FamilyName:Baskerville
StyleName:Bold Italic
MenuName:Baskerville
StyleBits:3
WeightClass:700
WidthClass:5
AngleClass:1
FullName:Baskerville Bold Italic
WritingScript:Roman
OutlineFileName:\Baskerville.ttc
TTCOffset:300
DataFormat:sfntData
FileLength:1241036
FileModTime:1383869343
%EndFont

%BeginFont
Handler:DirectoryHandler
FontType:TrueType
FontName:Baskerville-Italic
FamilyName:Baskerville
StyleName:Italic
MenuName:Baskerville
StyleBits:1
WeightClass:400
WidthClass:5
AngleClass:1
FullName:Baskerville Italic
WritingScript:Roman
OutlineFileName:\Baskerville.ttc
TTCOffset:552
DataFormat:sfntData
FileLength:1241036
FileModTime:1383869343
%EndFont

%BeginFont
Handler:DirectoryHandler
FontType:TrueType
FontName:Baskerville
FamilyName:Baskerville
StyleName:Regular
MenuName:Baskerville
StyleBits:0
WeightClass:400
WidthClass:5
AngleClass:0
FullName:Baskerville
WritingScript:Roman
OutlineFileName:\Baskerville.ttc
TTCOffset:804
DataFormat:sfntData
FileLength:1241036
FileModTime:1383869343
%EndFont

%BeginFont
Handler:DirectoryHandler
FontType:TrueType
FontName:Baskerville-SemiBold
FamilyName:Baskerville
StyleName:SemiBold
MenuName:Baskerville
StyleBits:0
WeightClass:600
WidthClass:5
AngleClass:0
FullName:Baskerville SemiBold
WritingScript:Roman
OutlineFileName:\Baskerville.ttc
TTCOffset:1056
DataFormat:sfntData
FileLength:1241036
FileModTime:1383869343
%EndFont

%BeginFont
Handler:DirectoryHandler
FontType:TrueType
FontName:Baskerville-SemiBoldItalic
FamilyName:Baskerville
StyleName:SemiBold Italic
MenuName:Baskerville
StyleBits:1
WeightClass:600
WidthClass:5
AngleClass:1
FullName:Baskerville SemiBold Italic
WritingScript:Roman
OutlineFileName:\Baskerville.ttc
TTCOffset:1308
DataFormat:sfntData
FileLength:1241036
FileModTime:1383869343
%EndFont

%BeginFont
Handler:DirectoryHandler
FontType:Type1
FontName:DIN-Light
FamilyName:DIN Light
StyleName:Regular
MenuName:DIN Light
StyleBits:0
WeightClass:300
WidthClass:5
AngleClass:0
FullName:DIN Light
WritingScript:Roman
OutlineFileName:\FF_DIN_Light.otf
DataFormat:sfntData
UsesStandardEncoding:yes
isCFF:yes
FileLength:27572
FileModTime:1249142176
%EndFont

